2023-08-22 15:50:32.083 [background-preinit] INFO  o.h.v.i.u.Version - HV000001: Hibernate Validator 6.2.5.Final
2023-08-22 15:50:32.101 [main] INFO  c.e.T.TAskApplication - Starting TAskApplication using Java 20.0.2 on Sreehita-I097 with PID 5320 (C:\Users\sreehitha.c\Downloads\TAsk (1)\TAsk\target\classes started by sreehitha.c in C:\Users\sreehitha.c\Downloads\TAsk (1))
2023-08-22 15:50:32.102 [main] INFO  c.e.T.TAskApplication - No active profile set, falling back to 1 default profile: "default"
2023-08-22 15:50:33.072 [main] INFO  o.s.d.r.c.RepositoryConfigurationDelegate - Bootstrapping Spring Data JPA repositories in DEFAULT mode.
2023-08-22 15:50:33.162 [main] INFO  o.s.d.r.c.RepositoryConfigurationDelegate - Finished Spring Data repository scanning in 80 ms. Found 5 JPA repository interfaces.
2023-08-22 15:50:33.898 [main] INFO  o.s.b.w.e.t.TomcatWebServer - Tomcat initialized with port(s): 8080 (http)
2023-08-22 15:50:33.905 [main] INFO  o.a.c.h.Http11NioProtocol - Initializing ProtocolHandler ["http-nio-8080"]
2023-08-22 15:50:33.908 [main] INFO  o.a.c.c.StandardService - Starting service [Tomcat]
2023-08-22 15:50:33.908 [main] INFO  o.a.c.c.StandardEngine - Starting Servlet engine: [Apache Tomcat/9.0.78]
2023-08-22 15:50:34.086 [main] INFO  o.a.c.c.C.[.[.[/] - Initializing Spring embedded WebApplicationContext
2023-08-22 15:50:34.086 [main] INFO  o.s.b.w.s.c.ServletWebServerApplicationContext - Root WebApplicationContext: initialization completed in 1919 ms
2023-08-22 15:50:34.273 [main] INFO  o.h.j.i.u.LogHelper - HHH000204: Processing PersistenceUnitInfo [name: default]
2023-08-22 15:50:34.324 [main] INFO  o.h.Version - HHH000412: Hibernate ORM core version 5.6.15.Final
2023-08-22 15:50:34.494 [main] INFO  o.h.a.c.Version - HCANN000001: Hibernate Commons Annotations {5.1.2.Final}
2023-08-22 15:50:34.636 [main] INFO  c.z.h.HikariDataSource - HikariPool-1 - Starting...
2023-08-22 15:50:34.887 [main] INFO  c.z.h.HikariDataSource - HikariPool-1 - Start completed.
2023-08-22 15:50:34.910 [main] INFO  o.h.d.Dialect - HHH000400: Using dialect: org.hibernate.dialect.PostgreSQLDialect
2023-08-22 15:50:36.010 [main] INFO  o.h.e.t.j.p.i.JtaPlatformInitiator - HHH000490: Using JtaPlatform implementation: [org.hibernate.engine.transaction.jta.platform.internal.NoJtaPlatform]
2023-08-22 15:50:36.019 [main] INFO  o.s.o.j.LocalContainerEntityManagerFactoryBean - Initialized JPA EntityManagerFactory for persistence unit 'default'
2023-08-22 15:50:36.528 [main] WARN  o.s.b.a.o.j.JpaBaseConfiguration$JpaWebConfiguration - spring.jpa.open-in-view is enabled by default. Therefore, database queries may be performed during view rendering. Explicitly configure spring.jpa.open-in-view to disable this warning
2023-08-22 15:50:36.972 [main] INFO  o.a.c.h.Http11NioProtocol - Starting ProtocolHandler ["http-nio-8080"]
2023-08-22 15:50:37.015 [main] INFO  o.s.b.w.e.t.TomcatWebServer - Tomcat started on port(s): 8080 (http) with context path ''
2023-08-22 15:50:37.031 [main] INFO  c.e.T.TAskApplication - Started TAskApplication in 5.386 seconds (JVM running for 6.064)
2023-08-22 15:53:40.607 [SpringApplicationShutdownHook] INFO  o.s.o.j.LocalContainerEntityManagerFactoryBean - Closing JPA EntityManagerFactory for persistence unit 'default'
2023-08-22 15:53:40.609 [SpringApplicationShutdownHook] INFO  c.z.h.HikariDataSource - HikariPool-1 - Shutdown initiated...
2023-08-22 15:53:40.620 [SpringApplicationShutdownHook] INFO  c.z.h.HikariDataSource - HikariPool-1 - Shutdown completed.
2023-08-22 15:53:46.591 [background-preinit] INFO  o.h.v.i.u.Version - HV000001: Hibernate Validator 6.2.5.Final
2023-08-22 15:53:46.616 [main] INFO  c.e.T.TAskApplication - Starting TAskApplication using Java 20.0.2 on Sreehita-I097 with PID 9436 (C:\Users\sreehitha.c\Downloads\TAsk (1)\TAsk\target\classes started by sreehitha.c in C:\Users\sreehitha.c\Downloads\TAsk (1))
2023-08-22 15:53:46.617 [main] INFO  c.e.T.TAskApplication - No active profile set, falling back to 1 default profile: "default"
2023-08-22 15:53:47.746 [main] INFO  o.s.d.r.c.RepositoryConfigurationDelegate - Bootstrapping Spring Data JPA repositories in DEFAULT mode.
2023-08-22 15:53:47.834 [main] INFO  o.s.d.r.c.RepositoryConfigurationDelegate - Finished Spring Data repository scanning in 77 ms. Found 5 JPA repository interfaces.
2023-08-22 15:53:48.676 [main] INFO  o.s.b.w.e.t.TomcatWebServer - Tomcat initialized with port(s): 8080 (http)
2023-08-22 15:53:48.685 [main] INFO  o.a.c.h.Http11NioProtocol - Initializing ProtocolHandler ["http-nio-8080"]
2023-08-22 15:53:48.688 [main] INFO  o.a.c.c.StandardService - Starting service [Tomcat]
2023-08-22 15:53:48.689 [main] INFO  o.a.c.c.StandardEngine - Starting Servlet engine: [Apache Tomcat/9.0.78]
2023-08-22 15:53:48.895 [main] INFO  o.a.c.c.C.[.[.[/] - Initializing Spring embedded WebApplicationContext
2023-08-22 15:53:48.895 [main] INFO  o.s.b.w.s.c.ServletWebServerApplicationContext - Root WebApplicationContext: initialization completed in 2203 ms
2023-08-22 15:53:49.146 [main] INFO  o.h.j.i.u.LogHelper - HHH000204: Processing PersistenceUnitInfo [name: default]
2023-08-22 15:53:49.221 [main] INFO  o.h.Version - HHH000412: Hibernate ORM core version 5.6.15.Final
2023-08-22 15:53:49.482 [main] INFO  o.h.a.c.Version - HCANN000001: Hibernate Commons Annotations {5.1.2.Final}
2023-08-22 15:53:49.658 [main] INFO  c.z.h.HikariDataSource - HikariPool-1 - Starting...
2023-08-22 15:53:50.016 [main] INFO  c.z.h.HikariDataSource - HikariPool-1 - Start completed.
2023-08-22 15:53:50.053 [main] INFO  o.h.d.Dialect - HHH000400: Using dialect: org.hibernate.dialect.PostgreSQLDialect
2023-08-22 15:53:51.289 [main] INFO  o.h.e.t.j.p.i.JtaPlatformInitiator - HHH000490: Using JtaPlatform implementation: [org.hibernate.engine.transaction.jta.platform.internal.NoJtaPlatform]
2023-08-22 15:53:51.301 [main] INFO  o.s.o.j.LocalContainerEntityManagerFactoryBean - Initialized JPA EntityManagerFactory for persistence unit 'default'
2023-08-22 15:53:51.821 [main] WARN  o.s.b.a.o.j.JpaBaseConfiguration$JpaWebConfiguration - spring.jpa.open-in-view is enabled by default. Therefore, database queries may be performed during view rendering. Explicitly configure spring.jpa.open-in-view to disable this warning
2023-08-22 15:53:52.299 [main] INFO  o.a.c.h.Http11NioProtocol - Starting ProtocolHandler ["http-nio-8080"]
2023-08-22 15:53:52.329 [main] INFO  o.s.b.w.e.t.TomcatWebServer - Tomcat started on port(s): 8080 (http) with context path ''
2023-08-22 15:53:52.345 [main] INFO  c.e.T.TAskApplication - Started TAskApplication in 6.294 seconds (JVM running for 7.143)
2023-08-22 15:53:53.103 [http-nio-8080-exec-1] INFO  o.a.c.c.C.[.[.[/] - Initializing Spring DispatcherServlet 'dispatcherServlet'
2023-08-22 15:53:53.103 [http-nio-8080-exec-1] INFO  o.s.w.s.DispatcherServlet - Initializing Servlet 'dispatcherServlet'
2023-08-22 15:53:53.104 [http-nio-8080-exec-1] INFO  o.s.w.s.DispatcherServlet - Completed initialization in 1 ms
2023-08-22 15:53:53.136 [http-nio-8080-exec-1] INFO  c.e.T.c.ClassController - Data fetched
2023-08-22 15:54:11.020 [SpringApplicationShutdownHook] INFO  o.s.o.j.LocalContainerEntityManagerFactoryBean - Closing JPA EntityManagerFactory for persistence unit 'default'
2023-08-22 15:54:11.022 [SpringApplicationShutdownHook] INFO  c.z.h.HikariDataSource - HikariPool-1 - Shutdown initiated...
2023-08-22 15:54:11.028 [SpringApplicationShutdownHook] INFO  c.z.h.HikariDataSource - HikariPool-1 - Shutdown completed.
2023-08-23 15:33:26.648 [background-preinit] INFO  o.h.v.i.u.Version - HV000001: Hibernate Validator 6.2.5.Final
2023-08-23 15:33:26.687 [main] INFO  c.e.T.TAskApplication - Starting TAskApplication using Java 20.0.2 on Sreehita-I097 with PID 2464 (C:\Users\sreehitha.c\Downloads\TAsk (1)\TAsk\target\classes started by sreehitha.c in C:\Users\sreehitha.c\Downloads\TAsk (1))
2023-08-23 15:33:26.688 [main] INFO  c.e.T.TAskApplication - No active profile set, falling back to 1 default profile: "default"
2023-08-23 15:33:27.679 [main] INFO  o.s.d.r.c.RepositoryConfigurationDelegate - Bootstrapping Spring Data JPA repositories in DEFAULT mode.
2023-08-23 15:33:27.796 [main] INFO  o.s.d.r.c.RepositoryConfigurationDelegate - Finished Spring Data repository scanning in 98 ms. Found 5 JPA repository interfaces.
2023-08-23 15:33:28.815 [main] INFO  o.s.b.w.e.t.TomcatWebServer - Tomcat initialized with port(s): 8080 (http)
2023-08-23 15:33:28.822 [main] INFO  o.a.c.h.Http11NioProtocol - Initializing ProtocolHandler ["http-nio-8080"]
2023-08-23 15:33:28.825 [main] INFO  o.a.c.c.StandardService - Starting service [Tomcat]
2023-08-23 15:33:28.825 [main] INFO  o.a.c.c.StandardEngine - Starting Servlet engine: [Apache Tomcat/9.0.78]
2023-08-23 15:33:28.968 [main] INFO  o.a.c.c.C.[.[.[/] - Initializing Spring embedded WebApplicationContext
2023-08-23 15:33:28.968 [main] INFO  o.s.b.w.s.c.ServletWebServerApplicationContext - Root WebApplicationContext: initialization completed in 2191 ms
2023-08-23 15:33:29.224 [main] INFO  o.h.j.i.u.LogHelper - HHH000204: Processing PersistenceUnitInfo [name: default]
2023-08-23 15:33:29.308 [main] INFO  o.h.Version - HHH000412: Hibernate ORM core version 5.6.15.Final
2023-08-23 15:33:29.542 [main] INFO  o.h.a.c.Version - HCANN000001: Hibernate Commons Annotations {5.1.2.Final}
2023-08-23 15:33:29.741 [main] INFO  c.z.h.HikariDataSource - HikariPool-1 - Starting...
2023-08-23 15:33:30.068 [main] INFO  c.z.h.HikariDataSource - HikariPool-1 - Start completed.
2023-08-23 15:33:30.094 [main] INFO  o.h.d.Dialect - HHH000400: Using dialect: org.hibernate.dialect.PostgreSQLDialect
2023-08-23 15:33:31.449 [main] INFO  o.h.e.t.j.p.i.JtaPlatformInitiator - HHH000490: Using JtaPlatform implementation: [org.hibernate.engine.transaction.jta.platform.internal.NoJtaPlatform]
2023-08-23 15:33:31.461 [main] INFO  o.s.o.j.LocalContainerEntityManagerFactoryBean - Initialized JPA EntityManagerFactory for persistence unit 'default'
2023-08-23 15:33:32.345 [main] WARN  o.s.b.a.o.j.JpaBaseConfiguration$JpaWebConfiguration - spring.jpa.open-in-view is enabled by default. Therefore, database queries may be performed during view rendering. Explicitly configure spring.jpa.open-in-view to disable this warning
2023-08-23 15:33:32.887 [main] INFO  o.a.c.h.Http11NioProtocol - Starting ProtocolHandler ["http-nio-8080"]
2023-08-23 15:33:32.917 [main] INFO  o.s.b.w.e.t.TomcatWebServer - Tomcat started on port(s): 8080 (http) with context path ''
2023-08-23 15:33:32.933 [main] INFO  c.e.T.TAskApplication - Started TAskApplication in 6.904 seconds (JVM running for 7.843)
2023-08-23 15:33:38.085 [http-nio-8080-exec-1] INFO  o.a.c.c.C.[.[.[/] - Initializing Spring DispatcherServlet 'dispatcherServlet'
2023-08-23 15:33:38.085 [http-nio-8080-exec-1] INFO  o.s.w.s.DispatcherServlet - Initializing Servlet 'dispatcherServlet'
2023-08-23 15:33:38.086 [http-nio-8080-exec-1] INFO  o.s.w.s.DispatcherServlet - Completed initialization in 1 ms
2023-08-23 15:33:38.117 [http-nio-8080-exec-1] INFO  c.e.T.c.StudentController - Data Fetched
2023-08-23 15:34:18.768 [SpringApplicationShutdownHook] INFO  o.s.o.j.LocalContainerEntityManagerFactoryBean - Closing JPA EntityManagerFactory for persistence unit 'default'
2023-08-23 15:34:18.770 [SpringApplicationShutdownHook] INFO  c.z.h.HikariDataSource - HikariPool-1 - Shutdown initiated...
2023-08-23 15:34:18.789 [SpringApplicationShutdownHook] INFO  c.z.h.HikariDataSource - HikariPool-1 - Shutdown completed.
2023-08-24 10:44:12.079 [background-preinit] INFO  o.h.v.i.u.Version - HV000001: Hibernate Validator 6.2.5.Final
2023-08-24 10:44:12.083 [main] INFO  c.e.T.TAskApplication - Starting TAskApplication using Java 20.0.2 on Sreehita-I097 with PID 18628 (C:\Users\sreehitha.c\Downloads\TAsk (1)\TAsk\target\classes started by sreehitha.c in C:\Users\sreehitha.c\Downloads\TAsk (1))
2023-08-24 10:44:12.084 [main] INFO  c.e.T.TAskApplication - No active profile set, falling back to 1 default profile: "default"
2023-08-24 10:44:13.248 [main] INFO  o.s.d.r.c.RepositoryConfigurationDelegate - Bootstrapping Spring Data JPA repositories in DEFAULT mode.
2023-08-24 10:44:13.348 [main] INFO  o.s.d.r.c.RepositoryConfigurationDelegate - Finished Spring Data repository scanning in 82 ms. Found 5 JPA repository interfaces.
2023-08-24 10:44:14.499 [main] INFO  o.s.b.w.e.t.TomcatWebServer - Tomcat initialized with port(s): 8080 (http)
2023-08-24 10:44:14.510 [main] INFO  o.a.c.h.Http11NioProtocol - Initializing ProtocolHandler ["http-nio-8080"]
2023-08-24 10:44:14.513 [main] INFO  o.a.c.c.StandardService - Starting service [Tomcat]
2023-08-24 10:44:14.514 [main] INFO  o.a.c.c.StandardEngine - Starting Servlet engine: [Apache Tomcat/9.0.78]
2023-08-24 10:44:14.684 [main] INFO  o.a.c.c.C.[.[.[/] - Initializing Spring embedded WebApplicationContext
2023-08-24 10:44:14.684 [main] INFO  o.s.b.w.s.c.ServletWebServerApplicationContext - Root WebApplicationContext: initialization completed in 2514 ms
2023-08-24 10:44:14.971 [main] INFO  o.h.j.i.u.LogHelper - HHH000204: Processing PersistenceUnitInfo [name: default]
2023-08-24 10:44:15.024 [main] INFO  o.h.Version - HHH000412: Hibernate ORM core version 5.6.15.Final
2023-08-24 10:44:15.223 [main] INFO  o.h.a.c.Version - HCANN000001: Hibernate Commons Annotations {5.1.2.Final}
2023-08-24 10:44:15.418 [main] INFO  c.z.h.HikariDataSource - HikariPool-1 - Starting...
2023-08-24 10:44:15.769 [main] INFO  c.z.h.HikariDataSource - HikariPool-1 - Start completed.
2023-08-24 10:44:15.792 [main] INFO  o.h.d.Dialect - HHH000400: Using dialect: org.hibernate.dialect.PostgreSQLDialect
2023-08-24 10:44:17.296 [main] INFO  o.h.e.t.j.p.i.JtaPlatformInitiator - HHH000490: Using JtaPlatform implementation: [org.hibernate.engine.transaction.jta.platform.internal.NoJtaPlatform]
2023-08-24 10:44:17.316 [main] INFO  o.s.o.j.LocalContainerEntityManagerFactoryBean - Initialized JPA EntityManagerFactory for persistence unit 'default'
2023-08-24 10:44:18.042 [main] WARN  o.s.b.a.o.j.JpaBaseConfiguration$JpaWebConfiguration - spring.jpa.open-in-view is enabled by default. Therefore, database queries may be performed during view rendering. Explicitly configure spring.jpa.open-in-view to disable this warning
2023-08-24 10:44:18.605 [main] INFO  o.a.c.h.Http11NioProtocol - Starting ProtocolHandler ["http-nio-8080"]
2023-08-24 10:44:18.632 [main] INFO  o.s.b.w.e.t.TomcatWebServer - Tomcat started on port(s): 8080 (http) with context path ''
2023-08-24 10:44:18.645 [main] INFO  c.e.T.TAskApplication - Started TAskApplication in 7.16 seconds (JVM running for 8.245)
2023-08-24 10:44:41.013 [http-nio-8080-exec-1] INFO  o.a.c.c.C.[.[.[/] - Initializing Spring DispatcherServlet 'dispatcherServlet'
2023-08-24 10:44:41.013 [http-nio-8080-exec-1] INFO  o.s.w.s.DispatcherServlet - Initializing Servlet 'dispatcherServlet'
2023-08-24 10:44:41.015 [http-nio-8080-exec-1] INFO  o.s.w.s.DispatcherServlet - Completed initialization in 2 ms
2023-08-24 10:44:41.063 [http-nio-8080-exec-1] INFO  c.e.T.c.StudentController - Data Fetched
2023-08-24 10:44:52.583 [http-nio-8080-exec-3] INFO  c.e.T.c.StudentController - Data Fetched
2023-08-24 10:45:07.788 [http-nio-8080-exec-4] INFO  c.e.T.c.StudentController - Data Fetched
2023-08-24 11:52:16.648 [HikariPool-1 housekeeper] WARN  c.z.h.p.HikariPool - HikariPool-1 - Thread starvation or clock leap detected (housekeeper delta=5m29s726ms598µs500ns).
2023-08-24 12:23:46.904 [HikariPool-1 housekeeper] WARN  c.z.h.p.HikariPool - HikariPool-1 - Thread starvation or clock leap detected (housekeeper delta=16m30s29ms521µs600ns).
2023-08-24 12:39:29.839 [SpringApplicationShutdownHook] INFO  o.s.o.j.LocalContainerEntityManagerFactoryBean - Closing JPA EntityManagerFactory for persistence unit 'default'
2023-08-24 12:39:29.841 [SpringApplicationShutdownHook] INFO  c.z.h.HikariDataSource - HikariPool-1 - Shutdown initiated...
2023-08-24 12:39:29.845 [SpringApplicationShutdownHook] INFO  c.z.h.HikariDataSource - HikariPool-1 - Shutdown completed.
2023-08-24 13:33:41.828 [background-preinit] INFO  o.h.v.i.u.Version - HV000001: Hibernate Validator 6.2.5.Final
2023-08-24 13:33:41.850 [main] INFO  c.e.T.TAskApplication - Starting TAskApplication using Java 20.0.2 on Sreehita-I097 with PID 18368 (C:\Users\sreehitha.c\Downloads\TAsk (1)\TAsk\target\classes started by sreehitha.c in C:\Users\sreehitha.c\Downloads\TAsk (1))
2023-08-24 13:33:41.851 [main] INFO  c.e.T.TAskApplication - No active profile set, falling back to 1 default profile: "default"
2023-08-24 13:33:42.936 [main] INFO  o.s.d.r.c.RepositoryConfigurationDelegate - Bootstrapping Spring Data JPA repositories in DEFAULT mode.
2023-08-24 13:33:43.048 [main] INFO  o.s.d.r.c.RepositoryConfigurationDelegate - Finished Spring Data repository scanning in 96 ms. Found 5 JPA repository interfaces.
2023-08-24 13:33:44.147 [main] INFO  o.s.b.w.e.t.TomcatWebServer - Tomcat initialized with port(s): 8080 (http)
2023-08-24 13:33:44.163 [main] INFO  o.a.c.h.Http11NioProtocol - Initializing ProtocolHandler ["http-nio-8080"]
2023-08-24 13:33:44.168 [main] INFO  o.a.c.c.StandardService - Starting service [Tomcat]
2023-08-24 13:33:44.169 [main] INFO  o.a.c.c.StandardEngine - Starting Servlet engine: [Apache Tomcat/9.0.78]
2023-08-24 13:33:44.394 [main] INFO  o.a.c.c.C.[.[.[/] - Initializing Spring embedded WebApplicationContext
2023-08-24 13:33:44.394 [main] INFO  o.s.b.w.s.c.ServletWebServerApplicationContext - Root WebApplicationContext: initialization completed in 2462 ms
2023-08-24 13:33:44.770 [main] INFO  o.h.j.i.u.LogHelper - HHH000204: Processing PersistenceUnitInfo [name: default]
2023-08-24 13:33:44.851 [main] INFO  o.h.Version - HHH000412: Hibernate ORM core version 5.6.15.Final
2023-08-24 13:33:45.079 [main] INFO  o.h.a.c.Version - HCANN000001: Hibernate Commons Annotations {5.1.2.Final}
2023-08-24 13:33:45.265 [main] INFO  c.z.h.HikariDataSource - HikariPool-1 - Starting...
2023-08-24 13:33:45.520 [main] INFO  c.z.h.HikariDataSource - HikariPool-1 - Start completed.
2023-08-24 13:33:45.543 [main] INFO  o.h.d.Dialect - HHH000400: Using dialect: org.hibernate.dialect.PostgreSQLDialect
2023-08-24 13:33:46.770 [main] INFO  o.h.e.t.j.p.i.JtaPlatformInitiator - HHH000490: Using JtaPlatform implementation: [org.hibernate.engine.transaction.jta.platform.internal.NoJtaPlatform]
2023-08-24 13:33:46.780 [main] INFO  o.s.o.j.LocalContainerEntityManagerFactoryBean - Initialized JPA EntityManagerFactory for persistence unit 'default'
2023-08-24 13:33:47.541 [main] WARN  o.s.b.a.o.j.JpaBaseConfiguration$JpaWebConfiguration - spring.jpa.open-in-view is enabled by default. Therefore, database queries may be performed during view rendering. Explicitly configure spring.jpa.open-in-view to disable this warning
2023-08-24 13:33:48.061 [main] INFO  o.a.c.h.Http11NioProtocol - Starting ProtocolHandler ["http-nio-8080"]
2023-08-24 13:33:48.095 [main] INFO  o.s.b.w.e.t.TomcatWebServer - Tomcat started on port(s): 8080 (http) with context path ''
2023-08-24 13:33:48.109 [main] INFO  c.e.T.TAskApplication - Started TAskApplication in 6.852 seconds (JVM running for 7.721)
2023-08-24 13:35:56.370 [SpringApplicationShutdownHook] INFO  o.s.o.j.LocalContainerEntityManagerFactoryBean - Closing JPA EntityManagerFactory for persistence unit 'default'
2023-08-24 13:35:56.371 [SpringApplicationShutdownHook] INFO  c.z.h.HikariDataSource - HikariPool-1 - Shutdown initiated...
2023-08-24 13:35:56.379 [SpringApplicationShutdownHook] INFO  c.z.h.HikariDataSource - HikariPool-1 - Shutdown completed.
2023-08-24 13:36:01.463 [background-preinit] INFO  o.h.v.i.u.Version - HV000001: Hibernate Validator 6.2.5.Final
2023-08-24 13:36:01.490 [main] INFO  c.e.T.TAskApplication - Starting TAskApplication using Java 20.0.2 on Sreehita-I097 with PID 5700 (C:\Users\sreehitha.c\Downloads\TAsk (1)\TAsk\target\classes started by sreehitha.c in C:\Users\sreehitha.c\Downloads\TAsk (1))
2023-08-24 13:36:01.491 [main] INFO  c.e.T.TAskApplication - No active profile set, falling back to 1 default profile: "default"
2023-08-24 13:36:02.555 [main] INFO  o.s.d.r.c.RepositoryConfigurationDelegate - Bootstrapping Spring Data JPA repositories in DEFAULT mode.
2023-08-24 13:36:02.658 [main] INFO  o.s.d.r.c.RepositoryConfigurationDelegate - Finished Spring Data repository scanning in 83 ms. Found 5 JPA repository interfaces.
2023-08-24 13:36:03.694 [main] INFO  o.s.b.w.e.t.TomcatWebServer - Tomcat initialized with port(s): 8080 (http)
2023-08-24 13:36:03.706 [main] INFO  o.a.c.h.Http11NioProtocol - Initializing ProtocolHandler ["http-nio-8080"]
2023-08-24 13:36:03.710 [main] INFO  o.a.c.c.StandardService - Starting service [Tomcat]
2023-08-24 13:36:03.711 [main] INFO  o.a.c.c.StandardEngine - Starting Servlet engine: [Apache Tomcat/9.0.78]
2023-08-24 13:36:03.865 [main] INFO  o.a.c.c.C.[.[.[/] - Initializing Spring embedded WebApplicationContext
2023-08-24 13:36:03.865 [main] INFO  o.s.b.w.s.c.ServletWebServerApplicationContext - Root WebApplicationContext: initialization completed in 2285 ms
2023-08-24 13:36:04.190 [main] INFO  o.h.j.i.u.LogHelper - HHH000204: Processing PersistenceUnitInfo [name: default]
2023-08-24 13:36:04.281 [main] INFO  o.h.Version - HHH000412: Hibernate ORM core version 5.6.15.Final
2023-08-24 13:36:04.548 [main] INFO  o.h.a.c.Version - HCANN000001: Hibernate Commons Annotations {5.1.2.Final}
2023-08-24 13:36:04.747 [main] INFO  c.z.h.HikariDataSource - HikariPool-1 - Starting...
2023-08-24 13:36:05.071 [main] INFO  c.z.h.HikariDataSource - HikariPool-1 - Start completed.
2023-08-24 13:36:05.097 [main] INFO  o.h.d.Dialect - HHH000400: Using dialect: org.hibernate.dialect.PostgreSQLDialect
2023-08-24 13:36:06.919 [main] INFO  o.h.e.t.j.p.i.JtaPlatformInitiator - HHH000490: Using JtaPlatform implementation: [org.hibernate.engine.transaction.jta.platform.internal.NoJtaPlatform]
2023-08-24 13:36:06.931 [main] INFO  o.s.o.j.LocalContainerEntityManagerFactoryBean - Initialized JPA EntityManagerFactory for persistence unit 'default'
2023-08-24 13:36:07.866 [main] WARN  o.s.b.a.o.j.JpaBaseConfiguration$JpaWebConfiguration - spring.jpa.open-in-view is enabled by default. Therefore, database queries may be performed during view rendering. Explicitly configure spring.jpa.open-in-view to disable this warning
2023-08-24 13:36:08.694 [main] INFO  o.a.c.h.Http11NioProtocol - Starting ProtocolHandler ["http-nio-8080"]
2023-08-24 13:36:08.751 [main] INFO  o.s.b.w.e.t.TomcatWebServer - Tomcat started on port(s): 8080 (http) with context path ''
2023-08-24 13:36:08.770 [main] INFO  c.e.T.TAskApplication - Started TAskApplication in 7.929 seconds (JVM running for 8.826)
2023-08-24 13:36:12.366 [SpringApplicationShutdownHook] INFO  o.s.o.j.LocalContainerEntityManagerFactoryBean - Closing JPA EntityManagerFactory for persistence unit 'default'
2023-08-24 13:36:12.369 [SpringApplicationShutdownHook] INFO  c.z.h.HikariDataSource - HikariPool-1 - Shutdown initiated...
2023-08-24 13:36:12.386 [SpringApplicationShutdownHook] INFO  c.z.h.HikariDataSource - HikariPool-1 - Shutdown completed.
2023-08-24 13:36:17.824 [background-preinit] INFO  o.h.v.i.u.Version - HV000001: Hibernate Validator 6.2.5.Final
2023-08-24 13:36:17.853 [main] INFO  c.e.T.TAskApplication - Starting TAskApplication using Java 20.0.2 on Sreehita-I097 with PID 9628 (C:\Users\sreehitha.c\Downloads\TAsk (1)\TAsk\target\classes started by sreehitha.c in C:\Users\sreehitha.c\Downloads\TAsk (1))
2023-08-24 13:36:17.855 [main] INFO  c.e.T.TAskApplication - No active profile set, falling back to 1 default profile: "default"
2023-08-24 13:36:19.126 [main] INFO  o.s.d.r.c.RepositoryConfigurationDelegate - Bootstrapping Spring Data JPA repositories in DEFAULT mode.
2023-08-24 13:36:19.238 [main] INFO  o.s.d.r.c.RepositoryConfigurationDelegate - Finished Spring Data repository scanning in 92 ms. Found 5 JPA repository interfaces.
2023-08-24 13:36:20.336 [main] INFO  o.s.b.w.e.t.TomcatWebServer - Tomcat initialized with port(s): 8080 (http)
2023-08-24 13:36:20.349 [main] INFO  o.a.c.h.Http11NioProtocol - Initializing ProtocolHandler ["http-nio-8080"]
2023-08-24 13:36:20.355 [main] INFO  o.a.c.c.StandardService - Starting service [Tomcat]
2023-08-24 13:36:20.355 [main] INFO  o.a.c.c.StandardEngine - Starting Servlet engine: [Apache Tomcat/9.0.78]
2023-08-24 13:36:20.516 [main] INFO  o.a.c.c.C.[.[.[/] - Initializing Spring embedded WebApplicationContext
2023-08-24 13:36:20.517 [main] INFO  o.s.b.w.s.c.ServletWebServerApplicationContext - Root WebApplicationContext: initialization completed in 2574 ms
2023-08-24 13:36:20.786 [main] INFO  o.h.j.i.u.LogHelper - HHH000204: Processing PersistenceUnitInfo [name: default]
2023-08-24 13:36:20.850 [main] INFO  o.h.Version - HHH000412: Hibernate ORM core version 5.6.15.Final
2023-08-24 13:36:21.046 [main] INFO  o.h.a.c.Version - HCANN000001: Hibernate Commons Annotations {5.1.2.Final}
2023-08-24 13:36:21.198 [main] INFO  c.z.h.HikariDataSource - HikariPool-1 - Starting...
2023-08-24 13:36:21.454 [main] INFO  c.z.h.HikariDataSource - HikariPool-1 - Start completed.
2023-08-24 13:36:21.478 [main] INFO  o.h.d.Dialect - HHH000400: Using dialect: org.hibernate.dialect.PostgreSQLDialect
2023-08-24 13:36:22.624 [main] INFO  o.h.e.t.j.p.i.JtaPlatformInitiator - HHH000490: Using JtaPlatform implementation: [org.hibernate.engine.transaction.jta.platform.internal.NoJtaPlatform]
2023-08-24 13:36:22.636 [main] INFO  o.s.o.j.LocalContainerEntityManagerFactoryBean - Initialized JPA EntityManagerFactory for persistence unit 'default'
2023-08-24 13:36:23.269 [main] WARN  o.s.b.a.o.j.JpaBaseConfiguration$JpaWebConfiguration - spring.jpa.open-in-view is enabled by default. Therefore, database queries may be performed during view rendering. Explicitly configure spring.jpa.open-in-view to disable this warning
2023-08-24 13:36:23.847 [main] INFO  o.a.c.h.Http11NioProtocol - Starting ProtocolHandler ["http-nio-8080"]
2023-08-24 13:36:23.883 [main] INFO  o.s.b.w.e.t.TomcatWebServer - Tomcat started on port(s): 8080 (http) with context path ''
2023-08-24 13:36:23.898 [main] INFO  c.e.T.TAskApplication - Started TAskApplication in 6.793 seconds (JVM running for 7.967)
2023-08-24 13:36:28.786 [http-nio-8080-exec-2] INFO  o.a.c.c.C.[.[.[/] - Initializing Spring DispatcherServlet 'dispatcherServlet'
2023-08-24 13:36:28.786 [http-nio-8080-exec-2] INFO  o.s.w.s.DispatcherServlet - Initializing Servlet 'dispatcherServlet'
2023-08-24 13:36:28.787 [http-nio-8080-exec-2] INFO  o.s.w.s.DispatcherServlet - Completed initialization in 1 ms
2023-08-24 13:36:28.820 [http-nio-8080-exec-2] INFO  c.e.T.c.StudentController - Data Fetched
2023-08-24 13:36:38.453 [http-nio-8080-exec-3] INFO  c.e.T.c.StudentController - Data Fetched
2023-08-24 13:37:54.948 [SpringApplicationShutdownHook] INFO  o.s.o.j.LocalContainerEntityManagerFactoryBean - Closing JPA EntityManagerFactory for persistence unit 'default'
2023-08-24 13:37:54.949 [SpringApplicationShutdownHook] INFO  c.z.h.HikariDataSource - HikariPool-1 - Shutdown initiated...
2023-08-24 13:37:54.962 [SpringApplicationShutdownHook] INFO  c.z.h.HikariDataSource - HikariPool-1 - Shutdown completed.
2023-08-25 13:53:59.506 [background-preinit] INFO  o.h.v.i.u.Version - HV000001: Hibernate Validator 6.2.5.Final
2023-08-25 13:53:59.527 [main] INFO  c.e.T.TAskApplication - Starting TAskApplication using Java 20.0.2 on Sreehita-I097 with PID 6588 (C:\Users\sreehitha.c\Downloads\TAsk (1)\TAsk\target\classes started by sreehitha.c in C:\Users\sreehitha.c\Downloads\TAsk (1))
2023-08-25 13:53:59.529 [main] INFO  c.e.T.TAskApplication - No active profile set, falling back to 1 default profile: "default"
2023-08-25 13:54:00.841 [main] INFO  o.s.d.r.c.RepositoryConfigurationDelegate - Bootstrapping Spring Data JPA repositories in DEFAULT mode.
2023-08-25 13:54:00.991 [main] INFO  o.s.d.r.c.RepositoryConfigurationDelegate - Finished Spring Data repository scanning in 128 ms. Found 5 JPA repository interfaces.
2023-08-25 13:54:02.312 [main] INFO  o.s.b.w.e.t.TomcatWebServer - Tomcat initialized with port(s): 8080 (http)
2023-08-25 13:54:02.325 [main] INFO  o.a.c.h.Http11NioProtocol - Initializing ProtocolHandler ["http-nio-8080"]
2023-08-25 13:54:02.330 [main] INFO  o.a.c.c.StandardService - Starting service [Tomcat]
2023-08-25 13:54:02.330 [main] INFO  o.a.c.c.StandardEngine - Starting Servlet engine: [Apache Tomcat/9.0.78]
2023-08-25 13:54:02.521 [main] INFO  o.a.c.c.C.[.[.[/] - Initializing Spring embedded WebApplicationContext
2023-08-25 13:54:02.521 [main] INFO  o.s.b.w.s.c.ServletWebServerApplicationContext - Root WebApplicationContext: initialization completed in 2893 ms
2023-08-25 13:54:02.814 [main] INFO  o.h.j.i.u.LogHelper - HHH000204: Processing PersistenceUnitInfo [name: default]
2023-08-25 13:54:02.890 [main] INFO  o.h.Version - HHH000412: Hibernate ORM core version 5.6.15.Final
2023-08-25 13:54:03.127 [main] INFO  o.h.a.c.Version - HCANN000001: Hibernate Commons Annotations {5.1.2.Final}
2023-08-25 13:54:03.497 [main] INFO  c.z.h.HikariDataSource - HikariPool-1 - Starting...
2023-08-25 13:54:03.770 [main] INFO  c.z.h.HikariDataSource - HikariPool-1 - Start completed.
2023-08-25 13:54:03.792 [main] INFO  o.h.d.Dialect - HHH000400: Using dialect: org.hibernate.dialect.PostgreSQLDialect
2023-08-25 13:54:05.201 [main] INFO  o.h.e.t.j.p.i.JtaPlatformInitiator - HHH000490: Using JtaPlatform implementation: [org.hibernate.engine.transaction.jta.platform.internal.NoJtaPlatform]
2023-08-25 13:54:05.214 [main] INFO  o.s.o.j.LocalContainerEntityManagerFactoryBean - Initialized JPA EntityManagerFactory for persistence unit 'default'
2023-08-25 13:54:06.004 [main] WARN  o.s.b.a.o.j.JpaBaseConfiguration$JpaWebConfiguration - spring.jpa.open-in-view is enabled by default. Therefore, database queries may be performed during view rendering. Explicitly configure spring.jpa.open-in-view to disable this warning
2023-08-25 13:54:06.610 [main] INFO  o.a.c.h.Http11NioProtocol - Starting ProtocolHandler ["http-nio-8080"]
2023-08-25 13:54:06.644 [main] INFO  o.s.b.w.e.t.TomcatWebServer - Tomcat started on port(s): 8080 (http) with context path ''
2023-08-25 13:54:06.656 [main] INFO  c.e.T.TAskApplication - Started TAskApplication in 7.777 seconds (JVM running for 8.911)
2023-08-25 13:54:18.151 [http-nio-8080-exec-2] INFO  o.a.c.c.C.[.[.[/] - Initializing Spring DispatcherServlet 'dispatcherServlet'
2023-08-25 13:54:18.151 [http-nio-8080-exec-2] INFO  o.s.w.s.DispatcherServlet - Initializing Servlet 'dispatcherServlet'
2023-08-25 13:54:18.152 [http-nio-8080-exec-2] INFO  o.s.w.s.DispatcherServlet - Completed initialization in 1 ms
2023-08-25 13:54:18.186 [http-nio-8080-exec-2] INFO  c.e.T.c.StudentController - Data Fetched
2023-08-25 13:54:37.286 [http-nio-8080-exec-3] INFO  c.e.T.c.StudentController - Data Fetched
2023-08-25 13:55:12.082 [SpringApplicationShutdownHook] INFO  o.s.o.j.LocalContainerEntityManagerFactoryBean - Closing JPA EntityManagerFactory for persistence unit 'default'
2023-08-25 13:55:12.084 [SpringApplicationShutdownHook] INFO  c.z.h.HikariDataSource - HikariPool-1 - Shutdown initiated...
2023-08-25 13:55:12.092 [SpringApplicationShutdownHook] INFO  c.z.h.HikariDataSource - HikariPool-1 - Shutdown completed.
2023-08-25 13:55:17.177 [background-preinit] INFO  o.h.v.i.u.Version - HV000001: Hibernate Validator 6.2.5.Final
2023-08-25 13:55:17.204 [main] INFO  c.e.T.TAskApplication - Starting TAskApplication using Java 20.0.2 on Sreehita-I097 with PID 11204 (C:\Users\sreehitha.c\Downloads\TAsk (1)\TAsk\target\classes started by sreehitha.c in C:\Users\sreehitha.c\Downloads\TAsk (1))
2023-08-25 13:55:17.205 [main] INFO  c.e.T.TAskApplication - No active profile set, falling back to 1 default profile: "default"
2023-08-25 13:55:18.254 [main] INFO  o.s.d.r.c.RepositoryConfigurationDelegate - Bootstrapping Spring Data JPA repositories in DEFAULT mode.
2023-08-25 13:55:18.367 [main] INFO  o.s.d.r.c.RepositoryConfigurationDelegate - Finished Spring Data repository scanning in 98 ms. Found 5 JPA repository interfaces.
2023-08-25 13:55:19.356 [main] INFO  o.s.b.w.e.t.TomcatWebServer - Tomcat initialized with port(s): 8080 (http)
2023-08-25 13:55:19.373 [main] INFO  o.a.c.h.Http11NioProtocol - Initializing ProtocolHandler ["http-nio-8080"]
2023-08-25 13:55:19.380 [main] INFO  o.a.c.c.StandardService - Starting service [Tomcat]
2023-08-25 13:55:19.380 [main] INFO  o.a.c.c.StandardEngine - Starting Servlet engine: [Apache Tomcat/9.0.78]
2023-08-25 13:55:19.553 [main] INFO  o.a.c.c.C.[.[.[/] - Initializing Spring embedded WebApplicationContext
2023-08-25 13:55:19.554 [main] INFO  o.s.b.w.s.c.ServletWebServerApplicationContext - Root WebApplicationContext: initialization completed in 2255 ms
2023-08-25 13:55:19.870 [main] INFO  o.h.j.i.u.LogHelper - HHH000204: Processing PersistenceUnitInfo [name: default]
2023-08-25 13:55:19.959 [main] INFO  o.h.Version - HHH000412: Hibernate ORM core version 5.6.15.Final
2023-08-25 13:55:20.179 [main] INFO  o.h.a.c.Version - HCANN000001: Hibernate Commons Annotations {5.1.2.Final}
2023-08-25 13:55:20.336 [main] INFO  c.z.h.HikariDataSource - HikariPool-1 - Starting...
2023-08-25 13:55:20.656 [main] INFO  c.z.h.HikariDataSource - HikariPool-1 - Start completed.
2023-08-25 13:55:20.684 [main] INFO  o.h.d.Dialect - HHH000400: Using dialect: org.hibernate.dialect.PostgreSQLDialect
2023-08-25 13:55:21.960 [main] INFO  o.h.e.t.j.p.i.JtaPlatformInitiator - HHH000490: Using JtaPlatform implementation: [org.hibernate.engine.transaction.jta.platform.internal.NoJtaPlatform]
2023-08-25 13:55:21.970 [main] INFO  o.s.o.j.LocalContainerEntityManagerFactoryBean - Initialized JPA EntityManagerFactory for persistence unit 'default'
2023-08-25 13:55:22.625 [main] WARN  o.s.b.a.o.j.JpaBaseConfiguration$JpaWebConfiguration - spring.jpa.open-in-view is enabled by default. Therefore, database queries may be performed during view rendering. Explicitly configure spring.jpa.open-in-view to disable this warning
2023-08-25 13:55:23.372 [main] INFO  o.a.c.h.Http11NioProtocol - Starting ProtocolHandler ["http-nio-8080"]
2023-08-25 13:55:23.406 [main] INFO  o.s.b.w.e.t.TomcatWebServer - Tomcat started on port(s): 8080 (http) with context path ''
2023-08-25 13:55:23.421 [main] INFO  c.e.T.TAskApplication - Started TAskApplication in 6.849 seconds (JVM running for 7.727)
2023-08-25 13:55:25.377 [http-nio-8080-exec-1] INFO  o.a.c.c.C.[.[.[/] - Initializing Spring DispatcherServlet 'dispatcherServlet'
2023-08-25 13:55:25.378 [http-nio-8080-exec-1] INFO  o.s.w.s.DispatcherServlet - Initializing Servlet 'dispatcherServlet'
2023-08-25 13:55:25.379 [http-nio-8080-exec-1] INFO  o.s.w.s.DispatcherServlet - Completed initialization in 1 ms
2023-08-25 13:55:25.433 [http-nio-8080-exec-1] INFO  c.e.T.c.StudentController - Data Fetched
2023-08-25 13:55:38.892 [http-nio-8080-exec-3] INFO  c.e.T.c.StudentController - Data Fetched
2023-08-25 13:55:53.273 [SpringApplicationShutdownHook] INFO  o.s.o.j.LocalContainerEntityManagerFactoryBean - Closing JPA EntityManagerFactory for persistence unit 'default'
2023-08-25 13:55:53.275 [SpringApplicationShutdownHook] INFO  c.z.h.HikariDataSource - HikariPool-1 - Shutdown initiated...
2023-08-25 13:55:53.290 [SpringApplicationShutdownHook] INFO  c.z.h.HikariDataSource - HikariPool-1 - Shutdown completed.
2023-08-25 15:37:47.516 [background-preinit] INFO  o.h.v.i.u.Version - HV000001: Hibernate Validator 6.2.5.Final
2023-08-25 15:37:47.543 [main] INFO  c.e.T.TAskApplication - Starting TAskApplication using Java 20.0.2 on Sreehita-I097 with PID 9432 (C:\Users\sreehitha.c\Downloads\TAsk (1)\TAsk\target\classes started by sreehitha.c in C:\Users\sreehitha.c\Downloads\TAsk (1))
2023-08-25 15:37:47.544 [main] INFO  c.e.T.TAskApplication - No active profile set, falling back to 1 default profile: "default"
2023-08-25 15:37:48.629 [main] INFO  o.s.d.r.c.RepositoryConfigurationDelegate - Bootstrapping Spring Data JPA repositories in DEFAULT mode.
2023-08-25 15:37:48.729 [main] INFO  o.s.d.r.c.RepositoryConfigurationDelegate - Finished Spring Data repository scanning in 86 ms. Found 5 JPA repository interfaces.
2023-08-25 15:37:49.512 [main] INFO  o.s.b.w.e.t.TomcatWebServer - Tomcat initialized with port(s): 8080 (http)
2023-08-25 15:37:49.520 [main] INFO  o.a.c.h.Http11NioProtocol - Initializing ProtocolHandler ["http-nio-8080"]
2023-08-25 15:37:49.523 [main] INFO  o.a.c.c.StandardService - Starting service [Tomcat]
2023-08-25 15:37:49.524 [main] INFO  o.a.c.c.StandardEngine - Starting Servlet engine: [Apache Tomcat/9.0.78]
2023-08-25 15:37:49.663 [main] INFO  o.a.c.c.C.[.[.[/] - Initializing Spring embedded WebApplicationContext
2023-08-25 15:37:49.664 [main] INFO  o.s.b.w.s.c.ServletWebServerApplicationContext - Root WebApplicationContext: initialization completed in 2038 ms
2023-08-25 15:37:49.919 [main] INFO  o.h.j.i.u.LogHelper - HHH000204: Processing PersistenceUnitInfo [name: default]
2023-08-25 15:37:49.968 [main] INFO  o.h.Version - HHH000412: Hibernate ORM core version 5.6.15.Final
2023-08-25 15:37:50.111 [main] INFO  o.h.a.c.Version - HCANN000001: Hibernate Commons Annotations {5.1.2.Final}
2023-08-25 15:37:50.255 [main] INFO  c.z.h.HikariDataSource - HikariPool-1 - Starting...
2023-08-25 15:37:50.472 [main] INFO  c.z.h.HikariDataSource - HikariPool-1 - Start completed.
2023-08-25 15:37:50.491 [main] INFO  o.h.d.Dialect - HHH000400: Using dialect: org.hibernate.dialect.PostgreSQLDialect
2023-08-25 15:37:51.646 [main] INFO  o.h.e.t.j.p.i.JtaPlatformInitiator - HHH000490: Using JtaPlatform implementation: [org.hibernate.engine.transaction.jta.platform.internal.NoJtaPlatform]
2023-08-25 15:37:51.654 [main] INFO  o.s.o.j.LocalContainerEntityManagerFactoryBean - Initialized JPA EntityManagerFactory for persistence unit 'default'
2023-08-25 15:37:52.196 [main] WARN  o.s.b.a.o.j.JpaBaseConfiguration$JpaWebConfiguration - spring.jpa.open-in-view is enabled by default. Therefore, database queries may be performed during view rendering. Explicitly configure spring.jpa.open-in-view to disable this warning
2023-08-25 15:37:52.814 [main] INFO  o.a.c.h.Http11NioProtocol - Starting ProtocolHandler ["http-nio-8080"]
2023-08-25 15:37:52.844 [main] INFO  o.s.b.w.e.t.TomcatWebServer - Tomcat started on port(s): 8080 (http) with context path ''
2023-08-25 15:37:52.857 [main] INFO  c.e.T.TAskApplication - Started TAskApplication in 5.806 seconds (JVM running for 6.576)
2023-08-25 15:37:55.110 [http-nio-8080-exec-1] INFO  o.a.c.c.C.[.[.[/] - Initializing Spring DispatcherServlet 'dispatcherServlet'
2023-08-25 15:37:55.110 [http-nio-8080-exec-1] INFO  o.s.w.s.DispatcherServlet - Initializing Servlet 'dispatcherServlet'
2023-08-25 15:37:55.112 [http-nio-8080-exec-1] INFO  o.s.w.s.DispatcherServlet - Completed initialization in 2 ms
2023-08-25 15:37:55.182 [http-nio-8080-exec-1] INFO  c.e.T.c.StudentController - Data Fetched
2023-08-25 15:57:44.580 [SpringApplicationShutdownHook] INFO  o.s.o.j.LocalContainerEntityManagerFactoryBean - Closing JPA EntityManagerFactory for persistence unit 'default'
2023-08-25 15:57:44.582 [SpringApplicationShutdownHook] INFO  c.z.h.HikariDataSource - HikariPool-1 - Shutdown initiated...
2023-08-25 15:57:44.586 [SpringApplicationShutdownHook] INFO  c.z.h.HikariDataSource - HikariPool-1 - Shutdown completed.
2023-08-25 15:57:52.420 [background-preinit] INFO  o.h.v.i.u.Version - HV000001: Hibernate Validator 6.2.5.Final
2023-08-25 15:57:52.435 [main] INFO  c.e.T.TAskApplication - Starting TAskApplication using Java 20.0.2 on Sreehita-I097 with PID 17532 (C:\Users\sreehitha.c\Downloads\TAsk (1)\TAsk\target\classes started by sreehitha.c in C:\Users\sreehitha.c\Downloads\TAsk (1))
2023-08-25 15:57:52.436 [main] INFO  c.e.T.TAskApplication - No active profile set, falling back to 1 default profile: "default"
2023-08-25 15:57:53.371 [main] INFO  o.s.d.r.c.RepositoryConfigurationDelegate - Bootstrapping Spring Data JPA repositories in DEFAULT mode.
2023-08-25 15:57:53.466 [main] INFO  o.s.d.r.c.RepositoryConfigurationDelegate - Finished Spring Data repository scanning in 82 ms. Found 5 JPA repository interfaces.
2023-08-25 15:57:54.301 [main] INFO  o.s.b.w.e.t.TomcatWebServer - Tomcat initialized with port(s): 8080 (http)
2023-08-25 15:57:54.309 [main] INFO  o.a.c.h.Http11NioProtocol - Initializing ProtocolHandler ["http-nio-8080"]
2023-08-25 15:57:54.312 [main] INFO  o.a.c.c.StandardService - Starting service [Tomcat]
2023-08-25 15:57:54.312 [main] INFO  o.a.c.c.StandardEngine - Starting Servlet engine: [Apache Tomcat/9.0.78]
2023-08-25 15:57:54.438 [main] INFO  o.a.c.c.C.[.[.[/] - Initializing Spring embedded WebApplicationContext
2023-08-25 15:57:54.438 [main] INFO  o.s.b.w.s.c.ServletWebServerApplicationContext - Root WebApplicationContext: initialization completed in 1930 ms
2023-08-25 15:57:54.673 [main] INFO  o.h.j.i.u.LogHelper - HHH000204: Processing PersistenceUnitInfo [name: default]
2023-08-25 15:57:54.727 [main] INFO  o.h.Version - HHH000412: Hibernate ORM core version 5.6.15.Final
2023-08-25 15:57:54.896 [main] INFO  o.h.a.c.Version - HCANN000001: Hibernate Commons Annotations {5.1.2.Final}
2023-08-25 15:57:55.029 [main] INFO  c.z.h.HikariDataSource - HikariPool-1 - Starting...
2023-08-25 15:57:55.268 [main] INFO  c.z.h.HikariDataSource - HikariPool-1 - Start completed.
2023-08-25 15:57:55.294 [main] INFO  o.h.d.Dialect - HHH000400: Using dialect: org.hibernate.dialect.PostgreSQLDialect
2023-08-25 15:57:56.594 [main] INFO  o.h.e.t.j.p.i.JtaPlatformInitiator - HHH000490: Using JtaPlatform implementation: [org.hibernate.engine.transaction.jta.platform.internal.NoJtaPlatform]
2023-08-25 15:57:56.607 [main] INFO  o.s.o.j.LocalContainerEntityManagerFactoryBean - Initialized JPA EntityManagerFactory for persistence unit 'default'
2023-08-25 15:57:57.199 [main] WARN  o.s.b.a.o.j.JpaBaseConfiguration$JpaWebConfiguration - spring.jpa.open-in-view is enabled by default. Therefore, database queries may be performed during view rendering. Explicitly configure spring.jpa.open-in-view to disable this warning
2023-08-25 15:57:57.770 [main] INFO  o.a.c.h.Http11NioProtocol - Starting ProtocolHandler ["http-nio-8080"]
2023-08-25 15:57:57.838 [main] INFO  o.s.b.w.e.t.TomcatWebServer - Tomcat started on port(s): 8080 (http) with context path ''
2023-08-25 15:57:57.854 [main] INFO  c.e.T.TAskApplication - Started TAskApplication in 5.934 seconds (JVM running for 6.61)
2023-08-25 15:58:00.041 [http-nio-8080-exec-2] INFO  o.a.c.c.C.[.[.[/] - Initializing Spring DispatcherServlet 'dispatcherServlet'
2023-08-25 15:58:00.041 [http-nio-8080-exec-2] INFO  o.s.w.s.DispatcherServlet - Initializing Servlet 'dispatcherServlet'
2023-08-25 15:58:00.042 [http-nio-8080-exec-2] INFO  o.s.w.s.DispatcherServlet - Completed initialization in 1 ms
2023-08-25 15:58:00.074 [http-nio-8080-exec-2] INFO  c.e.T.c.StudentController - Data Fetched
2023-08-25 15:58:15.366 [http-nio-8080-exec-3] INFO  c.e.T.c.StudentController - Data Fetched
2023-08-25 16:23:54.637 [SpringApplicationShutdownHook] INFO  o.s.o.j.LocalContainerEntityManagerFactoryBean - Closing JPA EntityManagerFactory for persistence unit 'default'
2023-08-25 16:23:54.640 [SpringApplicationShutdownHook] INFO  c.z.h.HikariDataSource - HikariPool-1 - Shutdown initiated...
2023-08-25 16:23:54.651 [SpringApplicationShutdownHook] INFO  c.z.h.HikariDataSource - HikariPool-1 - Shutdown completed.
2023-08-25 16:24:02.720 [background-preinit] INFO  o.h.v.i.u.Version - HV000001: Hibernate Validator 6.2.5.Final
2023-08-25 16:24:02.743 [main] INFO  c.e.T.TAskApplication - Starting TAskApplication using Java 20.0.2 on Sreehita-I097 with PID 8520 (C:\Users\sreehitha.c\Downloads\TAsk (1)\TAsk\target\classes started by sreehitha.c in C:\Users\sreehitha.c\Downloads\TAsk (1))
2023-08-25 16:24:02.745 [main] INFO  c.e.T.TAskApplication - No active profile set, falling back to 1 default profile: "default"
2023-08-25 16:24:03.798 [main] INFO  o.s.d.r.c.RepositoryConfigurationDelegate - Bootstrapping Spring Data JPA repositories in DEFAULT mode.
2023-08-25 16:24:03.913 [main] INFO  o.s.d.r.c.RepositoryConfigurationDelegate - Finished Spring Data repository scanning in 101 ms. Found 5 JPA repository interfaces.
2023-08-25 16:24:06.272 [main] INFO  o.s.b.w.e.t.TomcatWebServer - Tomcat initialized with port(s): 8080 (http)
2023-08-25 16:24:06.282 [main] INFO  o.a.c.h.Http11NioProtocol - Initializing ProtocolHandler ["http-nio-8080"]
2023-08-25 16:24:06.285 [main] INFO  o.a.c.c.StandardService - Starting service [Tomcat]
2023-08-25 16:24:06.285 [main] INFO  o.a.c.c.StandardEngine - Starting Servlet engine: [Apache Tomcat/9.0.78]
2023-08-25 16:24:06.412 [main] INFO  o.a.c.c.C.[.[.[/] - Initializing Spring embedded WebApplicationContext
2023-08-25 16:24:06.412 [main] INFO  o.s.b.w.s.c.ServletWebServerApplicationContext - Root WebApplicationContext: initialization completed in 3588 ms
2023-08-25 16:24:06.656 [main] INFO  o.h.j.i.u.LogHelper - HHH000204: Processing PersistenceUnitInfo [name: default]
2023-08-25 16:24:06.716 [main] INFO  o.h.Version - HHH000412: Hibernate ORM core version 5.6.15.Final
2023-08-25 16:24:06.908 [main] INFO  o.h.a.c.Version - HCANN000001: Hibernate Commons Annotations {5.1.2.Final}
2023-08-25 16:24:07.068 [main] INFO  c.z.h.HikariDataSource - HikariPool-1 - Starting...
2023-08-25 16:24:07.300 [main] INFO  c.z.h.HikariDataSource - HikariPool-1 - Start completed.
2023-08-25 16:24:07.321 [main] INFO  o.h.d.Dialect - HHH000400: Using dialect: org.hibernate.dialect.PostgreSQLDialect
2023-08-25 16:24:08.611 [main] INFO  o.h.e.t.j.p.i.JtaPlatformInitiator - HHH000490: Using JtaPlatform implementation: [org.hibernate.engine.transaction.jta.platform.internal.NoJtaPlatform]
2023-08-25 16:24:08.621 [main] INFO  o.s.o.j.LocalContainerEntityManagerFactoryBean - Initialized JPA EntityManagerFactory for persistence unit 'default'
2023-08-25 16:24:10.773 [main] WARN  o.s.b.a.o.j.JpaBaseConfiguration$JpaWebConfiguration - spring.jpa.open-in-view is enabled by default. Therefore, database queries may be performed during view rendering. Explicitly configure spring.jpa.open-in-view to disable this warning
2023-08-25 16:24:11.246 [main] INFO  o.a.c.h.Http11NioProtocol - Starting ProtocolHandler ["http-nio-8080"]
2023-08-25 16:24:11.301 [main] INFO  o.s.b.w.e.t.TomcatWebServer - Tomcat started on port(s): 8080 (http) with context path ''
2023-08-25 16:24:11.316 [main] INFO  c.e.T.TAskApplication - Started TAskApplication in 9.133 seconds (JVM running for 9.936)
2023-08-25 16:25:31.378 [SpringApplicationShutdownHook] INFO  o.s.o.j.LocalContainerEntityManagerFactoryBean - Closing JPA EntityManagerFactory for persistence unit 'default'
2023-08-25 16:25:31.381 [SpringApplicationShutdownHook] INFO  c.z.h.HikariDataSource - HikariPool-1 - Shutdown initiated...
2023-08-25 16:25:31.393 [SpringApplicationShutdownHook] INFO  c.z.h.HikariDataSource - HikariPool-1 - Shutdown completed.
2023-08-25 16:25:38.160 [background-preinit] INFO  o.h.v.i.u.Version - HV000001: Hibernate Validator 6.2.5.Final
2023-08-25 16:25:38.186 [main] INFO  c.e.T.TAskApplication - Starting TAskApplication using Java 20.0.2 on Sreehita-I097 with PID 15276 (C:\Users\sreehitha.c\Downloads\TAsk (1)\TAsk\target\classes started by sreehitha.c in C:\Users\sreehitha.c\Downloads\TAsk (1))
2023-08-25 16:25:38.190 [main] INFO  c.e.T.TAskApplication - No active profile set, falling back to 1 default profile: "default"
2023-08-25 16:25:39.375 [main] INFO  o.s.d.r.c.RepositoryConfigurationDelegate - Bootstrapping Spring Data JPA repositories in DEFAULT mode.
2023-08-25 16:25:39.505 [main] INFO  o.s.d.r.c.RepositoryConfigurationDelegate - Finished Spring Data repository scanning in 112 ms. Found 5 JPA repository interfaces.
2023-08-25 16:25:40.608 [main] INFO  o.s.b.w.e.t.TomcatWebServer - Tomcat initialized with port(s): 8080 (http)
2023-08-25 16:25:40.624 [main] INFO  o.a.c.h.Http11NioProtocol - Initializing ProtocolHandler ["http-nio-8080"]
2023-08-25 16:25:40.628 [main] INFO  o.a.c.c.StandardService - Starting service [Tomcat]
2023-08-25 16:25:40.628 [main] INFO  o.a.c.c.StandardEngine - Starting Servlet engine: [Apache Tomcat/9.0.78]
2023-08-25 16:25:40.812 [main] INFO  o.a.c.c.C.[.[.[/] - Initializing Spring embedded WebApplicationContext
2023-08-25 16:25:40.812 [main] INFO  o.s.b.w.s.c.ServletWebServerApplicationContext - Root WebApplicationContext: initialization completed in 2529 ms
2023-08-25 16:25:41.129 [main] INFO  o.h.j.i.u.LogHelper - HHH000204: Processing PersistenceUnitInfo [name: default]
2023-08-25 16:25:41.195 [main] INFO  o.h.Version - HHH000412: Hibernate ORM core version 5.6.15.Final
2023-08-25 16:25:41.409 [main] INFO  o.h.a.c.Version - HCANN000001: Hibernate Commons Annotations {5.1.2.Final}
2023-08-25 16:25:41.639 [main] INFO  c.z.h.HikariDataSource - HikariPool-1 - Starting...
2023-08-25 16:25:41.907 [main] INFO  c.z.h.HikariDataSource - HikariPool-1 - Start completed.
2023-08-25 16:25:41.940 [main] INFO  o.h.d.Dialect - HHH000400: Using dialect: org.hibernate.dialect.PostgreSQLDialect
2023-08-25 16:25:43.177 [main] INFO  o.h.e.t.j.p.i.JtaPlatformInitiator - HHH000490: Using JtaPlatform implementation: [org.hibernate.engine.transaction.jta.platform.internal.NoJtaPlatform]
2023-08-25 16:25:43.192 [main] INFO  o.s.o.j.LocalContainerEntityManagerFactoryBean - Initialized JPA EntityManagerFactory for persistence unit 'default'
2023-08-25 16:25:43.899 [main] WARN  o.s.b.a.o.j.JpaBaseConfiguration$JpaWebConfiguration - spring.jpa.open-in-view is enabled by default. Therefore, database queries may be performed during view rendering. Explicitly configure spring.jpa.open-in-view to disable this warning
2023-08-25 16:25:45.994 [main] INFO  o.a.c.h.Http11NioProtocol - Starting ProtocolHandler ["http-nio-8080"]
2023-08-25 16:25:46.031 [main] INFO  o.s.b.w.e.t.TomcatWebServer - Tomcat started on port(s): 8080 (http) with context path ''
2023-08-25 16:25:46.045 [main] INFO  c.e.T.TAskApplication - Started TAskApplication in 8.587 seconds (JVM running for 9.488)
2023-08-25 16:26:10.181 [http-nio-8080-exec-3] INFO  o.a.c.c.C.[.[.[/] - Initializing Spring DispatcherServlet 'dispatcherServlet'
2023-08-25 16:26:10.181 [http-nio-8080-exec-3] INFO  o.s.w.s.DispatcherServlet - Initializing Servlet 'dispatcherServlet'
2023-08-25 16:26:10.182 [http-nio-8080-exec-3] INFO  o.s.w.s.DispatcherServlet - Completed initialization in 1 ms
2023-08-25 16:26:27.226 [SpringApplicationShutdownHook] INFO  o.s.o.j.LocalContainerEntityManagerFactoryBean - Closing JPA EntityManagerFactory for persistence unit 'default'
2023-08-25 16:26:27.228 [SpringApplicationShutdownHook] INFO  c.z.h.HikariDataSource - HikariPool-1 - Shutdown initiated...
2023-08-25 16:26:27.239 [SpringApplicationShutdownHook] INFO  c.z.h.HikariDataSource - HikariPool-1 - Shutdown completed.
2023-08-25 16:26:33.089 [background-preinit] INFO  o.h.v.i.u.Version - HV000001: Hibernate Validator 6.2.5.Final
2023-08-25 16:26:33.115 [main] INFO  c.e.T.TAskApplication - Starting TAskApplication using Java 20.0.2 on Sreehita-I097 with PID 9092 (C:\Users\sreehitha.c\Downloads\TAsk (1)\TAsk\target\classes started by sreehitha.c in C:\Users\sreehitha.c\Downloads\TAsk (1))
2023-08-25 16:26:33.116 [main] INFO  c.e.T.TAskApplication - No active profile set, falling back to 1 default profile: "default"
2023-08-25 16:26:34.311 [main] INFO  o.s.d.r.c.RepositoryConfigurationDelegate - Bootstrapping Spring Data JPA repositories in DEFAULT mode.
2023-08-25 16:26:34.429 [main] INFO  o.s.d.r.c.RepositoryConfigurationDelegate - Finished Spring Data repository scanning in 104 ms. Found 5 JPA repository interfaces.
2023-08-25 16:26:35.424 [main] INFO  o.s.b.w.e.t.TomcatWebServer - Tomcat initialized with port(s): 8080 (http)
2023-08-25 16:26:35.440 [main] INFO  o.a.c.h.Http11NioProtocol - Initializing ProtocolHandler ["http-nio-8080"]
2023-08-25 16:26:35.444 [main] INFO  o.a.c.c.StandardService - Starting service [Tomcat]
2023-08-25 16:26:35.445 [main] INFO  o.a.c.c.StandardEngine - Starting Servlet engine: [Apache Tomcat/9.0.78]
2023-08-25 16:26:35.645 [main] INFO  o.a.c.c.C.[.[.[/] - Initializing Spring embedded WebApplicationContext
2023-08-25 16:26:35.645 [main] INFO  o.s.b.w.s.c.ServletWebServerApplicationContext - Root WebApplicationContext: initialization completed in 2449 ms
2023-08-25 16:26:35.901 [main] INFO  o.h.j.i.u.LogHelper - HHH000204: Processing PersistenceUnitInfo [name: default]
2023-08-25 16:26:35.984 [main] INFO  o.h.Version - HHH000412: Hibernate ORM core version 5.6.15.Final
2023-08-25 16:26:36.269 [main] INFO  o.h.a.c.Version - HCANN000001: Hibernate Commons Annotations {5.1.2.Final}
2023-08-25 16:26:36.461 [main] INFO  c.z.h.HikariDataSource - HikariPool-1 - Starting...
2023-08-25 16:26:36.789 [main] INFO  c.z.h.HikariDataSource - HikariPool-1 - Start completed.
2023-08-25 16:26:36.818 [main] INFO  o.h.d.Dialect - HHH000400: Using dialect: org.hibernate.dialect.PostgreSQLDialect
2023-08-25 16:26:38.103 [main] INFO  o.h.e.t.j.p.i.JtaPlatformInitiator - HHH000490: Using JtaPlatform implementation: [org.hibernate.engine.transaction.jta.platform.internal.NoJtaPlatform]
2023-08-25 16:26:38.123 [main] INFO  o.s.o.j.LocalContainerEntityManagerFactoryBean - Initialized JPA EntityManagerFactory for persistence unit 'default'
2023-08-25 16:26:38.767 [main] WARN  o.s.b.a.o.j.JpaBaseConfiguration$JpaWebConfiguration - spring.jpa.open-in-view is enabled by default. Therefore, database queries may be performed during view rendering. Explicitly configure spring.jpa.open-in-view to disable this warning
2023-08-25 16:26:39.111 [main] WARN  o.s.b.w.s.c.AnnotationConfigServletWebServerApplicationContext - Exception encountered during context initialization - cancelling refresh attempt: org.springframework.beans.factory.BeanCreationException: Error creating bean with name 'requestMappingHandlerMapping' defined in class path resource [org/springframework/boot/autoconfigure/web/servlet/WebMvcAutoConfiguration$EnableWebMvcConfiguration.class]: Invocation of init method failed; nested exception is java.lang.IllegalStateException: Ambiguous mapping. Cannot map 'studentController' method 
com.example.TAsk.controller.StudentController#get()
to {GET [/student]}: There is already 'studentController' bean method
com.example.TAsk.controller.StudentController#get(Long) mapped.
2023-08-25 16:26:39.114 [main] INFO  o.s.o.j.LocalContainerEntityManagerFactoryBean - Closing JPA EntityManagerFactory for persistence unit 'default'
2023-08-25 16:26:39.116 [main] INFO  c.z.h.HikariDataSource - HikariPool-1 - Shutdown initiated...
2023-08-25 16:26:39.130 [main] INFO  c.z.h.HikariDataSource - HikariPool-1 - Shutdown completed.
2023-08-25 16:26:39.134 [main] INFO  o.a.c.c.StandardService - Stopping service [Tomcat]
2023-08-25 16:26:39.156 [main] INFO  o.s.b.a.l.ConditionEvaluationReportLoggingListener - 

Error starting ApplicationContext. To display the conditions report re-run your application with 'debug' enabled.
2023-08-25 16:26:39.210 [main] ERROR o.s.b.SpringApplication - Application run failed
org.springframework.beans.factory.BeanCreationException: Error creating bean with name 'requestMappingHandlerMapping' defined in class path resource [org/springframework/boot/autoconfigure/web/servlet/WebMvcAutoConfiguration$EnableWebMvcConfiguration.class]: Invocation of init method failed; nested exception is java.lang.IllegalStateException: Ambiguous mapping. Cannot map 'studentController' method 
com.example.TAsk.controller.StudentController#get()
to {GET [/student]}: There is already 'studentController' bean method
com.example.TAsk.controller.StudentController#get(Long) mapped.
	at org.springframework.beans.factory.support.AbstractAutowireCapableBeanFactory.initializeBean(AbstractAutowireCapableBeanFactory.java:1804)
	at org.springframework.beans.factory.support.AbstractAutowireCapableBeanFactory.doCreateBean(AbstractAutowireCapableBeanFactory.java:620)
	at org.springframework.beans.factory.support.AbstractAutowireCapableBeanFactory.createBean(AbstractAutowireCapableBeanFactory.java:542)
	at org.springframework.beans.factory.support.AbstractBeanFactory.lambda$doGetBean$0(AbstractBeanFactory.java:335)
	at org.springframework.beans.factory.support.DefaultSingletonBeanRegistry.getSingleton(DefaultSingletonBeanRegistry.java:234)
	at org.springframework.beans.factory.support.AbstractBeanFactory.doGetBean(AbstractBeanFactory.java:333)
	at org.springframework.beans.factory.support.AbstractBeanFactory.getBean(AbstractBeanFactory.java:208)
	at org.springframework.beans.factory.support.DefaultListableBeanFactory.preInstantiateSingletons(DefaultListableBeanFactory.java:955)
	at org.springframework.context.support.AbstractApplicationContext.finishBeanFactoryInitialization(AbstractApplicationContext.java:921)
	at org.springframework.context.support.AbstractApplicationContext.refresh(AbstractApplicationContext.java:583)
	at org.springframework.boot.web.servlet.context.ServletWebServerApplicationContext.refresh(ServletWebServerApplicationContext.java:147)
	at org.springframework.boot.SpringApplication.refresh(SpringApplication.java:731)
	at org.springframework.boot.SpringApplication.refreshContext(SpringApplication.java:408)
	at org.springframework.boot.SpringApplication.run(SpringApplication.java:307)
	at org.springframework.boot.SpringApplication.run(SpringApplication.java:1303)
	at org.springframework.boot.SpringApplication.run(SpringApplication.java:1292)
	at com.example.TAsk.TAskApplication.main(TAskApplication.java:13)
Caused by: java.lang.IllegalStateException: Ambiguous mapping. Cannot map 'studentController' method 
com.example.TAsk.controller.StudentController#get()
to {GET [/student]}: There is already 'studentController' bean method
com.example.TAsk.controller.StudentController#get(Long) mapped.
	at org.springframework.web.servlet.handler.AbstractHandlerMethodMapping$MappingRegistry.validateMethodMapping(AbstractHandlerMethodMapping.java:669)
	at org.springframework.web.servlet.handler.AbstractHandlerMethodMapping$MappingRegistry.register(AbstractHandlerMethodMapping.java:635)
	at org.springframework.web.servlet.handler.AbstractHandlerMethodMapping.registerHandlerMethod(AbstractHandlerMethodMapping.java:332)
	at org.springframework.web.servlet.mvc.method.annotation.RequestMappingHandlerMapping.registerHandlerMethod(RequestMappingHandlerMapping.java:420)
	at org.springframework.web.servlet.mvc.method.annotation.RequestMappingHandlerMapping.registerHandlerMethod(RequestMappingHandlerMapping.java:76)
	at org.springframework.web.servlet.handler.AbstractHandlerMethodMapping.lambda$detectHandlerMethods$2(AbstractHandlerMethodMapping.java:299)
	at java.base/java.util.LinkedHashMap.forEach(LinkedHashMap.java:729)
	at org.springframework.web.servlet.handler.AbstractHandlerMethodMapping.detectHandlerMethods(AbstractHandlerMethodMapping.java:297)
	at org.springframework.web.servlet.handler.AbstractHandlerMethodMapping.processCandidateBean(AbstractHandlerMethodMapping.java:266)
	at org.springframework.web.servlet.handler.AbstractHandlerMethodMapping.initHandlerMethods(AbstractHandlerMethodMapping.java:225)
	at org.springframework.web.servlet.handler.AbstractHandlerMethodMapping.afterPropertiesSet(AbstractHandlerMethodMapping.java:213)
	at org.springframework.web.servlet.mvc.method.annotation.RequestMappingHandlerMapping.afterPropertiesSet(RequestMappingHandlerMapping.java:205)
	at org.springframework.beans.factory.support.AbstractAutowireCapableBeanFactory.invokeInitMethods(AbstractAutowireCapableBeanFactory.java:1863)
	at org.springframework.beans.factory.support.AbstractAutowireCapableBeanFactory.initializeBean(AbstractAutowireCapableBeanFactory.java:1800)
	... 16 common frames omitted
2023-08-25 16:27:32.497 [background-preinit] INFO  o.h.v.i.u.Version - HV000001: Hibernate Validator 6.2.5.Final
2023-08-25 16:27:32.515 [main] INFO  c.e.T.TAskApplication - Starting TAskApplication using Java 20.0.2 on Sreehita-I097 with PID 1772 (C:\Users\sreehitha.c\Downloads\TAsk (1)\TAsk\target\classes started by sreehitha.c in C:\Users\sreehitha.c\Downloads\TAsk (1))
2023-08-25 16:27:32.516 [main] INFO  c.e.T.TAskApplication - No active profile set, falling back to 1 default profile: "default"
2023-08-25 16:27:33.612 [main] INFO  o.s.d.r.c.RepositoryConfigurationDelegate - Bootstrapping Spring Data JPA repositories in DEFAULT mode.
2023-08-25 16:27:33.737 [main] INFO  o.s.d.r.c.RepositoryConfigurationDelegate - Finished Spring Data repository scanning in 110 ms. Found 5 JPA repository interfaces.
2023-08-25 16:27:34.666 [main] INFO  o.s.b.w.e.t.TomcatWebServer - Tomcat initialized with port(s): 8080 (http)
2023-08-25 16:27:34.678 [main] INFO  o.a.c.h.Http11NioProtocol - Initializing ProtocolHandler ["http-nio-8080"]
2023-08-25 16:27:34.682 [main] INFO  o.a.c.c.StandardService - Starting service [Tomcat]
2023-08-25 16:27:34.682 [main] INFO  o.a.c.c.StandardEngine - Starting Servlet engine: [Apache Tomcat/9.0.78]
2023-08-25 16:27:34.846 [main] INFO  o.a.c.c.C.[.[.[/] - Initializing Spring embedded WebApplicationContext
2023-08-25 16:27:34.846 [main] INFO  o.s.b.w.s.c.ServletWebServerApplicationContext - Root WebApplicationContext: initialization completed in 2243 ms
2023-08-25 16:27:35.111 [main] INFO  o.h.j.i.u.LogHelper - HHH000204: Processing PersistenceUnitInfo [name: default]
2023-08-25 16:27:35.163 [main] INFO  o.h.Version - HHH000412: Hibernate ORM core version 5.6.15.Final
2023-08-25 16:27:35.353 [main] INFO  o.h.a.c.Version - HCANN000001: Hibernate Commons Annotations {5.1.2.Final}
2023-08-25 16:27:35.517 [main] INFO  c.z.h.HikariDataSource - HikariPool-1 - Starting...
2023-08-25 16:27:35.779 [main] INFO  c.z.h.HikariDataSource - HikariPool-1 - Start completed.
2023-08-25 16:27:35.802 [main] INFO  o.h.d.Dialect - HHH000400: Using dialect: org.hibernate.dialect.PostgreSQLDialect
2023-08-25 16:27:38.498 [main] INFO  o.h.e.t.j.p.i.JtaPlatformInitiator - HHH000490: Using JtaPlatform implementation: [org.hibernate.engine.transaction.jta.platform.internal.NoJtaPlatform]
2023-08-25 16:27:38.508 [main] INFO  o.s.o.j.LocalContainerEntityManagerFactoryBean - Initialized JPA EntityManagerFactory for persistence unit 'default'
2023-08-25 16:27:39.088 [main] WARN  o.s.b.a.o.j.JpaBaseConfiguration$JpaWebConfiguration - spring.jpa.open-in-view is enabled by default. Therefore, database queries may be performed during view rendering. Explicitly configure spring.jpa.open-in-view to disable this warning
2023-08-25 16:27:41.183 [main] INFO  o.a.c.h.Http11NioProtocol - Starting ProtocolHandler ["http-nio-8080"]
2023-08-25 16:27:41.214 [main] INFO  o.s.b.w.e.t.TomcatWebServer - Tomcat started on port(s): 8080 (http) with context path ''
2023-08-25 16:27:41.229 [main] INFO  c.e.T.TAskApplication - Started TAskApplication in 9.267 seconds (JVM running for 10.007)
2023-08-25 16:28:00.863 [http-nio-8080-exec-1] INFO  o.a.c.c.C.[.[.[/] - Initializing Spring DispatcherServlet 'dispatcherServlet'
2023-08-25 16:28:00.863 [http-nio-8080-exec-1] INFO  o.s.w.s.DispatcherServlet - Initializing Servlet 'dispatcherServlet'
2023-08-25 16:28:00.865 [http-nio-8080-exec-1] INFO  o.s.w.s.DispatcherServlet - Completed initialization in 2 ms
2023-08-25 16:28:33.826 [SpringApplicationShutdownHook] INFO  o.s.o.j.LocalContainerEntityManagerFactoryBean - Closing JPA EntityManagerFactory for persistence unit 'default'
2023-08-25 16:28:33.828 [SpringApplicationShutdownHook] INFO  c.z.h.HikariDataSource - HikariPool-1 - Shutdown initiated...
2023-08-25 16:28:33.839 [SpringApplicationShutdownHook] INFO  c.z.h.HikariDataSource - HikariPool-1 - Shutdown completed.
2023-08-25 16:28:39.739 [background-preinit] INFO  o.h.v.i.u.Version - HV000001: Hibernate Validator 6.2.5.Final
2023-08-25 16:28:39.765 [main] INFO  c.e.T.TAskApplication - Starting TAskApplication using Java 20.0.2 on Sreehita-I097 with PID 17504 (C:\Users\sreehitha.c\Downloads\TAsk (1)\TAsk\target\classes started by sreehitha.c in C:\Users\sreehitha.c\Downloads\TAsk (1))
2023-08-25 16:28:39.767 [main] INFO  c.e.T.TAskApplication - No active profile set, falling back to 1 default profile: "default"
2023-08-25 16:28:40.987 [main] INFO  o.s.d.r.c.RepositoryConfigurationDelegate - Bootstrapping Spring Data JPA repositories in DEFAULT mode.
2023-08-25 16:28:41.143 [main] INFO  o.s.d.r.c.RepositoryConfigurationDelegate - Finished Spring Data repository scanning in 135 ms. Found 5 JPA repository interfaces.
2023-08-25 16:28:45.230 [main] INFO  o.s.b.w.e.t.TomcatWebServer - Tomcat initialized with port(s): 8080 (http)
2023-08-25 16:28:45.240 [main] INFO  o.a.c.h.Http11NioProtocol - Initializing ProtocolHandler ["http-nio-8080"]
2023-08-25 16:28:45.247 [main] INFO  o.a.c.c.StandardService - Starting service [Tomcat]
2023-08-25 16:28:45.248 [main] INFO  o.a.c.c.StandardEngine - Starting Servlet engine: [Apache Tomcat/9.0.78]
2023-08-25 16:28:45.449 [main] INFO  o.a.c.c.C.[.[.[/] - Initializing Spring embedded WebApplicationContext
2023-08-25 16:28:45.449 [main] INFO  o.s.b.w.s.c.ServletWebServerApplicationContext - Root WebApplicationContext: initialization completed in 5587 ms
2023-08-25 16:28:45.808 [main] INFO  o.h.j.i.u.LogHelper - HHH000204: Processing PersistenceUnitInfo [name: default]
2023-08-25 16:28:45.877 [main] INFO  o.h.Version - HHH000412: Hibernate ORM core version 5.6.15.Final
2023-08-25 16:28:46.094 [main] INFO  o.h.a.c.Version - HCANN000001: Hibernate Commons Annotations {5.1.2.Final}
2023-08-25 16:28:46.276 [main] INFO  c.z.h.HikariDataSource - HikariPool-1 - Starting...
2023-08-25 16:28:46.634 [main] INFO  c.z.h.HikariDataSource - HikariPool-1 - Start completed.
2023-08-25 16:28:46.664 [main] INFO  o.h.d.Dialect - HHH000400: Using dialect: org.hibernate.dialect.PostgreSQLDialect
2023-08-25 16:28:48.092 [main] INFO  o.h.e.t.j.p.i.JtaPlatformInitiator - HHH000490: Using JtaPlatform implementation: [org.hibernate.engine.transaction.jta.platform.internal.NoJtaPlatform]
2023-08-25 16:28:48.108 [main] INFO  o.s.o.j.LocalContainerEntityManagerFactoryBean - Initialized JPA EntityManagerFactory for persistence unit 'default'
2023-08-25 16:28:48.896 [main] WARN  o.s.b.a.o.j.JpaBaseConfiguration$JpaWebConfiguration - spring.jpa.open-in-view is enabled by default. Therefore, database queries may be performed during view rendering. Explicitly configure spring.jpa.open-in-view to disable this warning
2023-08-25 16:28:49.497 [main] INFO  o.a.c.h.Http11NioProtocol - Starting ProtocolHandler ["http-nio-8080"]
2023-08-25 16:28:49.532 [main] INFO  o.s.b.w.e.t.TomcatWebServer - Tomcat started on port(s): 8080 (http) with context path ''
2023-08-25 16:28:49.546 [main] INFO  c.e.T.TAskApplication - Started TAskApplication in 10.393 seconds (JVM running for 11.21)
2023-08-25 16:28:54.803 [http-nio-8080-exec-2] INFO  o.a.c.c.C.[.[.[/] - Initializing Spring DispatcherServlet 'dispatcherServlet'
2023-08-25 16:28:54.803 [http-nio-8080-exec-2] INFO  o.s.w.s.DispatcherServlet - Initializing Servlet 'dispatcherServlet'
2023-08-25 16:28:54.804 [http-nio-8080-exec-2] INFO  o.s.w.s.DispatcherServlet - Completed initialization in 1 ms
2023-08-25 16:29:57.676 [SpringApplicationShutdownHook] INFO  o.s.o.j.LocalContainerEntityManagerFactoryBean - Closing JPA EntityManagerFactory for persistence unit 'default'
2023-08-25 16:29:57.678 [SpringApplicationShutdownHook] INFO  c.z.h.HikariDataSource - HikariPool-1 - Shutdown initiated...
2023-08-25 16:29:57.695 [SpringApplicationShutdownHook] INFO  c.z.h.HikariDataSource - HikariPool-1 - Shutdown completed.
2023-08-25 16:30:03.671 [background-preinit] INFO  o.h.v.i.u.Version - HV000001: Hibernate Validator 6.2.5.Final
2023-08-25 16:30:03.700 [main] INFO  c.e.T.TAskApplication - Starting TAskApplication using Java 20.0.2 on Sreehita-I097 with PID 4256 (C:\Users\sreehitha.c\Downloads\TAsk (1)\TAsk\target\classes started by sreehitha.c in C:\Users\sreehitha.c\Downloads\TAsk (1))
2023-08-25 16:30:03.701 [main] INFO  c.e.T.TAskApplication - No active profile set, falling back to 1 default profile: "default"
2023-08-25 16:30:04.900 [main] INFO  o.s.d.r.c.RepositoryConfigurationDelegate - Bootstrapping Spring Data JPA repositories in DEFAULT mode.
2023-08-25 16:30:05.070 [main] INFO  o.s.d.r.c.RepositoryConfigurationDelegate - Finished Spring Data repository scanning in 149 ms. Found 5 JPA repository interfaces.
2023-08-25 16:30:06.174 [main] INFO  o.s.b.w.e.t.TomcatWebServer - Tomcat initialized with port(s): 8080 (http)
2023-08-25 16:30:06.189 [main] INFO  o.a.c.h.Http11NioProtocol - Initializing ProtocolHandler ["http-nio-8080"]
2023-08-25 16:30:06.193 [main] INFO  o.a.c.c.StandardService - Starting service [Tomcat]
2023-08-25 16:30:06.194 [main] INFO  o.a.c.c.StandardEngine - Starting Servlet engine: [Apache Tomcat/9.0.78]
2023-08-25 16:30:07.901 [main] INFO  o.a.c.c.C.[.[.[/] - Initializing Spring embedded WebApplicationContext
2023-08-25 16:30:07.902 [main] INFO  o.s.b.w.s.c.ServletWebServerApplicationContext - Root WebApplicationContext: initialization completed in 4098 ms
2023-08-25 16:30:08.226 [main] INFO  o.h.j.i.u.LogHelper - HHH000204: Processing PersistenceUnitInfo [name: default]
2023-08-25 16:30:08.350 [main] INFO  o.h.Version - HHH000412: Hibernate ORM core version 5.6.15.Final
2023-08-25 16:30:08.710 [main] INFO  o.h.a.c.Version - HCANN000001: Hibernate Commons Annotations {5.1.2.Final}
2023-08-25 16:30:08.885 [main] INFO  c.z.h.HikariDataSource - HikariPool-1 - Starting...
2023-08-25 16:30:09.117 [main] INFO  c.z.h.HikariDataSource - HikariPool-1 - Start completed.
2023-08-25 16:30:09.140 [main] INFO  o.h.d.Dialect - HHH000400: Using dialect: org.hibernate.dialect.PostgreSQLDialect
2023-08-25 16:30:10.247 [main] INFO  o.h.e.t.j.p.i.JtaPlatformInitiator - HHH000490: Using JtaPlatform implementation: [org.hibernate.engine.transaction.jta.platform.internal.NoJtaPlatform]
2023-08-25 16:30:10.255 [main] INFO  o.s.o.j.LocalContainerEntityManagerFactoryBean - Initialized JPA EntityManagerFactory for persistence unit 'default'
2023-08-25 16:30:10.848 [main] WARN  o.s.b.a.o.j.JpaBaseConfiguration$JpaWebConfiguration - spring.jpa.open-in-view is enabled by default. Therefore, database queries may be performed during view rendering. Explicitly configure spring.jpa.open-in-view to disable this warning
2023-08-25 16:30:13.019 [main] INFO  o.a.c.h.Http11NioProtocol - Starting ProtocolHandler ["http-nio-8080"]
2023-08-25 16:30:13.057 [main] INFO  o.s.b.w.e.t.TomcatWebServer - Tomcat started on port(s): 8080 (http) with context path ''
2023-08-25 16:30:13.072 [main] INFO  c.e.T.TAskApplication - Started TAskApplication in 9.932 seconds (JVM running for 10.72)
2023-08-25 16:30:16.122 [http-nio-8080-exec-2] INFO  o.a.c.c.C.[.[.[/] - Initializing Spring DispatcherServlet 'dispatcherServlet'
2023-08-25 16:30:16.122 [http-nio-8080-exec-2] INFO  o.s.w.s.DispatcherServlet - Initializing Servlet 'dispatcherServlet'
2023-08-25 16:30:16.123 [http-nio-8080-exec-2] INFO  o.s.w.s.DispatcherServlet - Completed initialization in 1 ms
2023-08-25 16:30:16.167 [http-nio-8080-exec-2] INFO  c.e.T.c.StudentController - FETCHED
2023-08-25 16:30:29.207 [http-nio-8080-exec-3] INFO  c.e.T.c.StudentController - FETCHED
